\BOOKMARK [1][-]{section.1}{Introduction}{}% 1
\BOOKMARK [1][-]{section.2}{Background and Related Work}{}% 2
\BOOKMARK [2][-]{subsection.2.1}{Asylum Background}{section.2}% 3
\BOOKMARK [2][-]{subsection.2.2}{Schwartz Values Background}{section.2}% 4
\BOOKMARK [2][-]{subsection.2.3}{Related Research}{section.2}% 5
\BOOKMARK [1][-]{section.3}{Model}{}% 6
\BOOKMARK [2][-]{subsection.3.1}{Schwartz Value Quadrants \(SVQs\)}{section.3}% 7
\BOOKMARK [2][-]{subsection.3.2}{Agents}{section.3}% 8
\BOOKMARK [3][-]{subsubsection.3.2.1}{ \040 Newcomers}{subsection.3.2}% 9
\BOOKMARK [3][-]{subsubsection.3.2.2}{ \040 IND}{subsection.3.2}% 10
\BOOKMARK [3][-]{subsubsection.3.2.3}{ \040 COA}{subsection.3.2}% 11
\BOOKMARK [3][-]{subsubsection.3.2.4}{ \040 NGO}{subsection.3.2}% 12
\BOOKMARK [2][-]{subsection.3.3}{Parameters}{section.3}% 13
\BOOKMARK [2][-]{subsection.3.4}{Model Execution}{section.3}% 14
\BOOKMARK [1][-]{section.4}{Model Analysis}{}% 15
\BOOKMARK [2][-]{subsection.4.1}{Analysis of Research Question \0431: Conditions that Minimize Newcomer Wellbeing}{section.4}% 16
\BOOKMARK [2][-]{subsection.4.2}{Analysis of Research Question \0432: Conditions that Maximize Newcomer Wellbeing}{section.4}% 17
\BOOKMARK [2][-]{subsection.4.3}{Analysis of Research Question \0433: Conditions that Minimize Public Opinion}{section.4}% 18
\BOOKMARK [2][-]{subsection.4.4}{Analysis of Research Question \0434}{section.4}% 19
\BOOKMARK [1][-]{section.5}{Discussion and Conclusion}{}% 20
